<?xml version="1.0" encoding="UTF-8"?>
<testng-results ignored="0" total="2" passed="2" failed="0" skipped="0">
  <reporter-output>
  </reporter-output>
  <suite started-at="2021-05-09T13:41:26 IST" name="Example Suite" finished-at="2021-05-09T13:41:58 IST" duration-ms="32491">
    <groups>
    </groups>
    <test started-at="2021-05-09T13:41:26 IST" name="Chrome Test" finished-at="2021-05-09T13:41:58 IST" duration-ms="32491">
      <class name="com.invigo.testCases.TC_LoginPage_001">
        <test-method is-config="true" signature="setup(java.lang.String)[pri:0, instance:com.invigo.testCases.TC_LoginPage_001@623a8092]" started-at="2021-05-09T13:41:26 IST" name="setup" finished-at="2021-05-09T13:41:34 IST" duration-ms="7885" status="PASS">
          <params>
            <param index="0">
              <value>
                <![CDATA[chrome]]>
              </value>
            </param>
          </params>
          <reporter-output>
          </reporter-output>
        </test-method> <!-- setup -->
        <test-method signature="loginTest()[pri:0, instance:com.invigo.testCases.TC_LoginPage_001@623a8092]" started-at="2021-05-09T13:41:34 IST" name="loginTest" finished-at="2021-05-09T13:41:37 IST" duration-ms="3170" status="PASS">
          <reporter-output>
          </reporter-output>
        </test-method> <!-- loginTest -->
        <test-method is-config="true" signature="teardown()[pri:0, instance:com.invigo.testCases.TC_LoginPage_001@623a8092]" started-at="2021-05-09T13:41:37 IST" name="teardown" finished-at="2021-05-09T13:41:37 IST" duration-ms="89" status="PASS">
          <reporter-output>
          </reporter-output>
        </test-method> <!-- teardown -->
      </class> <!-- com.invigo.testCases.TC_LoginPage_001 -->
      <class name="com.invigo.testCases.TC_AddCustomerTest_002">
        <test-method is-config="true" signature="setup(java.lang.String)[pri:0, instance:com.invigo.testCases.TC_AddCustomerTest_002@a1cdc6d]" started-at="2021-05-09T13:41:37 IST" name="setup" finished-at="2021-05-09T13:41:42 IST" duration-ms="5588" status="PASS">
          <params>
            <param index="0">
              <value>
                <![CDATA[chrome]]>
              </value>
            </param>
          </params>
          <reporter-output>
          </reporter-output>
        </test-method> <!-- setup -->
        <test-method signature="AddCustomer()[pri:0, instance:com.invigo.testCases.TC_AddCustomerTest_002@a1cdc6d]" started-at="2021-05-09T13:41:42 IST" name="AddCustomer" finished-at="2021-05-09T13:41:58 IST" duration-ms="15608" status="PASS">
          <reporter-output>
          </reporter-output>
        </test-method> <!-- AddCustomer -->
        <test-method is-config="true" signature="teardown()[pri:0, instance:com.invigo.testCases.TC_AddCustomerTest_002@a1cdc6d]" started-at="2021-05-09T13:41:58 IST" name="teardown" finished-at="2021-05-09T13:41:58 IST" duration-ms="89" status="PASS">
          <reporter-output>
          </reporter-output>
        </test-method> <!-- teardown -->
      </class> <!-- com.invigo.testCases.TC_AddCustomerTest_002 -->
    </test> <!-- Chrome Test -->
  </suite> <!-- Example Suite -->
</testng-results>
