<?xml version="1.0" encoding="UTF-8"?>
<testng-results ignored="0" total="2" passed="2" failed="0" skipped="0">
  <reporter-output>
  </reporter-output>
  <suite started-at="2021-05-08T18:39:34 IST" name="Example Suite" finished-at="2021-05-08T18:40:01 IST" duration-ms="27670">
    <groups>
    </groups>
    <test started-at="2021-05-08T18:39:34 IST" name="Chrome Test" finished-at="2021-05-08T18:40:01 IST" duration-ms="27670">
      <class name="com.invigo.testCases.TC_LoginPage_001">
        <test-method is-config="true" signature="setup(java.lang.String)[pri:0, instance:com.invigo.testCases.TC_LoginPage_001@28975c28]" started-at="2021-05-08T18:39:34 IST" name="setup" finished-at="2021-05-08T18:39:39 IST" duration-ms="5855" status="PASS">
          <params>
            <param index="0">
              <value>
                <![CDATA[chrome]]>
              </value>
            </param>
          </params>
          <reporter-output>
          </reporter-output>
        </test-method> <!-- setup -->
        <test-method signature="loginTest()[pri:0, instance:com.invigo.testCases.TC_LoginPage_001@28975c28]" started-at="2021-05-08T18:39:39 IST" name="loginTest" finished-at="2021-05-08T18:39:42 IST" duration-ms="2187" status="PASS">
          <reporter-output>
          </reporter-output>
        </test-method> <!-- loginTest -->
        <test-method is-config="true" signature="teardown()[pri:0, instance:com.invigo.testCases.TC_LoginPage_001@28975c28]" started-at="2021-05-08T18:39:42 IST" name="teardown" finished-at="2021-05-08T18:39:42 IST" duration-ms="119" status="PASS">
          <reporter-output>
          </reporter-output>
        </test-method> <!-- teardown -->
      </class> <!-- com.invigo.testCases.TC_LoginPage_001 -->
      <class name="com.invigo.testCases.TC_AddCustomerTest_002">
        <test-method is-config="true" signature="setup(java.lang.String)[pri:0, instance:com.invigo.testCases.TC_AddCustomerTest_002@3943a2be]" started-at="2021-05-08T18:39:42 IST" name="setup" finished-at="2021-05-08T18:39:47 IST" duration-ms="5442" status="PASS">
          <params>
            <param index="0">
              <value>
                <![CDATA[chrome]]>
              </value>
            </param>
          </params>
          <reporter-output>
          </reporter-output>
        </test-method> <!-- setup -->
        <test-method signature="AddCustomer()[pri:0, instance:com.invigo.testCases.TC_AddCustomerTest_002@3943a2be]" started-at="2021-05-08T18:39:47 IST" name="AddCustomer" finished-at="2021-05-08T18:40:01 IST" duration-ms="13881" status="PASS">
          <reporter-output>
          </reporter-output>
        </test-method> <!-- AddCustomer -->
        <test-method is-config="true" signature="teardown()[pri:0, instance:com.invigo.testCases.TC_AddCustomerTest_002@3943a2be]" started-at="2021-05-08T18:40:01 IST" name="teardown" finished-at="2021-05-08T18:40:01 IST" duration-ms="93" status="PASS">
          <reporter-output>
          </reporter-output>
        </test-method> <!-- teardown -->
      </class> <!-- com.invigo.testCases.TC_AddCustomerTest_002 -->
    </test> <!-- Chrome Test -->
  </suite> <!-- Example Suite -->
</testng-results>
